Determining if the pthread_create exist failed with the following output:
Change Dir: /home/eloi/seagull_ws_dev/build/CMakeFiles/CMakeTmp

Run Build Command:/usr/bin/make "cmTryCompileExec1694246529/fast"
/usr/bin/make -f CMakeFiles/cmTryCompileExec1694246529.dir/build.make CMakeFiles/cmTryCompileExec1694246529.dir/build
make[1]: Entering directory `/home/eloi/seagull_ws_dev/build/CMakeFiles/CMakeTmp'
/usr/bin/cmake -E cmake_progress_report /home/eloi/seagull_ws_dev/build/CMakeFiles/CMakeTmp/CMakeFiles 1
Building C object CMakeFiles/cmTryCompileExec1694246529.dir/CheckSymbolExists.c.o
/usr/bin/cc    -o CMakeFiles/cmTryCompileExec1694246529.dir/CheckSymbolExists.c.o   -c /home/eloi/seagull_ws_dev/build/CMakeFiles/CMakeTmp/CheckSymbolExists.c
Linking C executable cmTryCompileExec1694246529
/usr/bin/cmake -E cmake_link_script CMakeFiles/cmTryCompileExec1694246529.dir/link.txt --verbose=1
/usr/bin/cc       CMakeFiles/cmTryCompileExec1694246529.dir/CheckSymbolExists.c.o  -o cmTryCompileExec1694246529 -rdynamic 
CMakeFiles/cmTryCompileExec1694246529.dir/CheckSymbolExists.c.o: In function `main':
CheckSymbolExists.c:(.text+0x16): undefined reference to `pthread_create'
collect2: error: ld returned 1 exit status
make[1]: *** [cmTryCompileExec1694246529] Error 1
make[1]: Leaving directory `/home/eloi/seagull_ws_dev/build/CMakeFiles/CMakeTmp'
make: *** [cmTryCompileExec1694246529/fast] Error 2

File /home/eloi/seagull_ws_dev/build/CMakeFiles/CMakeTmp/CheckSymbolExists.c:
/* */
#include <pthread.h>

int main(int argc, char** argv)
{
  (void)argv;
#ifndef pthread_create
  return ((int*)(&pthread_create))[argc];
#else
  (void)argc;
  return 0;
#endif
}

Determining if the function pthread_create exists in the pthreads failed with the following output:
Change Dir: /home/eloi/seagull_ws_dev/build/CMakeFiles/CMakeTmp

Run Build Command:/usr/bin/make "cmTryCompileExec541157556/fast"
/usr/bin/make -f CMakeFiles/cmTryCompileExec541157556.dir/build.make CMakeFiles/cmTryCompileExec541157556.dir/build
make[1]: Entering directory `/home/eloi/seagull_ws_dev/build/CMakeFiles/CMakeTmp'
/usr/bin/cmake -E cmake_progress_report /home/eloi/seagull_ws_dev/build/CMakeFiles/CMakeTmp/CMakeFiles 1
Building C object CMakeFiles/cmTryCompileExec541157556.dir/CheckFunctionExists.c.o
/usr/bin/cc   -DCHECK_FUNCTION_EXISTS=pthread_create   -o CMakeFiles/cmTryCompileExec541157556.dir/CheckFunctionExists.c.o   -c /usr/share/cmake-2.8/Modules/CheckFunctionExists.c
Linking C executable cmTryCompileExec541157556
/usr/bin/cmake -E cmake_link_script CMakeFiles/cmTryCompileExec541157556.dir/link.txt --verbose=1
/usr/bin/cc   -DCHECK_FUNCTION_EXISTS=pthread_create    CMakeFiles/cmTryCompileExec541157556.dir/CheckFunctionExists.c.o  -o cmTryCompileExec541157556 -rdynamic -lpthreads 
/usr/bin/ld: cannot find -lpthreads
collect2: error: ld returned 1 exit status
make[1]: *** [cmTryCompileExec541157556] Error 1
make[1]: Leaving directory `/home/eloi/seagull_ws_dev/build/CMakeFiles/CMakeTmp'
make: *** [cmTryCompileExec541157556/fast] Error 2


